
2024-09-21 08:50:51 id :
 123111 
2024-09-21 08:50:51 serviceNumber :
 1334111 
2024-09-21 08:50:51 text :
 CRS 
2024-09-21 08:50:51 msisdn :
 255772070720 
2024-09-21 08:50:51 date :
 2024-09-21 
2024-09-21 08:55:25 id :
 123111 
2024-09-21 08:55:25 serviceNumber :
 1334111 
2024-09-21 08:55:25 text :
 CRS 
2024-09-21 08:55:25 msisdn :
 255772070720 
2024-09-21 08:55:25 date :
 2024-09-21 
2024-09-21 09:03:10 id :
 123111 
2024-09-21 09:03:10 serviceNumber :
 1334111 
2024-09-21 09:03:10 text :
 CRS 
2024-09-21 09:03:10 msisdn :
 255772070720 
2024-09-21 09:03:10 date :
 2024-09-21 
2024-09-21 09:03:15 id :
 123111 
2024-09-21 09:03:15 serviceNumber :
 1334111 
2024-09-21 09:03:15 text :
 CRS 
2024-09-21 09:03:15 msisdn :
 255772070720 
2024-09-21 09:03:15 date :
 2024-09-21 
2024-09-21 09:04:27 id :
 123111 
2024-09-21 09:04:27 serviceNumber :
 1334111 
2024-09-21 09:04:27 text :
 CRS 
2024-09-21 09:04:27 msisdn :
 255772070720 
2024-09-21 09:04:27 date :
 2024-09-21 
2024-09-21 09:04:35 id :
 123111 
2024-09-21 09:04:35 serviceNumber :
 1334111 
2024-09-21 09:04:35 text :
 1 
2024-09-21 09:04:35 msisdn :
 255772070720 
2024-09-21 09:04:35 date :
 2024-09-21 
2024-09-21 09:04:37 id :
 123111 
2024-09-21 09:04:37 serviceNumber :
 1334111 
2024-09-21 09:04:37 text :
 1 
2024-09-21 09:04:37 msisdn :
 255772070720 
2024-09-21 09:04:37 date :
 2024-09-21 
2024-09-21 09:04:39 id :
 123111 
2024-09-21 09:04:39 serviceNumber :
 1334111 
2024-09-21 09:04:39 text :
 1 
2024-09-21 09:04:39 msisdn :
 255772070720 
2024-09-21 09:04:39 date :
 2024-09-21 
2024-09-21 09:04:50 id :
 123111 
2024-09-21 09:04:50 serviceNumber :
 1334111 
2024-09-21 09:04:50 text :
 Tatu 
2024-09-21 09:04:50 msisdn :
 255772070720 
2024-09-21 09:04:50 date :
 2024-09-21 
2024-09-21 09:04:57 id :
 123111 
2024-09-21 09:04:57 serviceNumber :
 1334111 
2024-09-21 09:04:57 text :
 2 
2024-09-21 09:04:57 msisdn :
 255772070720 
2024-09-21 09:04:57 date :
 2024-09-21 
2024-09-21 09:05:09 id :
 123111 
2024-09-21 09:05:09 serviceNumber :
 1334111 
2024-09-21 09:05:09 text :
 6 
2024-09-21 09:05:09 msisdn :
 255772070720 
2024-09-21 09:05:09 date :
 2024-09-21 
2024-09-21 09:05:17 id :
 123111 
2024-09-21 09:05:17 serviceNumber :
 1334111 
2024-09-21 09:05:17 text :
 test test 
2024-09-21 09:05:17 msisdn :
 255772070720 
2024-09-21 09:05:17 date :
 2024-09-21 
2024-09-21 09:05:22 id :
 123111 
2024-09-21 09:05:22 serviceNumber :
 1334111 
2024-09-21 09:05:22 text :
 1 
2024-09-21 09:05:22 msisdn :
 255772070720 
2024-09-21 09:05:22 date :
 2024-09-21 
2024-09-21 09:05:30 id :
 123111 
2024-09-21 09:05:30 serviceNumber :
 1334111 
2024-09-21 09:05:30 text :
 255772070720 
2024-09-21 09:05:30 msisdn :
 255772070720 
2024-09-21 09:05:30 date :
 2024-09-21 
2024-09-21 09:05:32 id :
 123111 
2024-09-21 09:05:32 serviceNumber :
 1334111 
2024-09-21 09:05:32 text :
 255772070720 
2024-09-21 09:05:32 msisdn :
 255772070720 
2024-09-21 09:05:32 date :
 2024-09-21 